
==============================================================================
=== Suite: evaluate  (Fortran driver via mr3gk_run) ===
==============================================================================
=== Full (379 tests) ===

  n=  10: 90/90 passed
  n= 100: 90/90 passed
  n= 200: 90/90 passed
  n= 400: 90/90 passed
  STColl: 19/19 passed

============================================================
TOTAL: 379/379 passed (100.0%)
Pass avg: res=0.248  oU=0.483  oV=0.486
Scaling: 90 patterns, worst_ratio=4.654 (demmel_W2)
  Top-10 worst scaling ratios (n=200→400):
      4.65x  demmel_W2                            t200=0.0661  t400=0.3078
      4.63x  gl_abcon3                            t200=0.0887  t400=0.4109
      4.57x  wilkinson_like                       t200=0.0896  t400=0.4095
      4.50x  random_dense_clusters                t200=0.0973  t400=0.4384
      4.48x  demmel_U1                            t200=0.0886  t400=0.3965
      4.47x  demmel_W3                            t200=0.0827  t400=0.3692
      4.42x  random_uniform                       t200=0.1012  t400=0.4477
      4.36x  gl_wilkm                             t200=0.0569  t400=0.2479
      4.30x  gl_random                            t200=0.1021  t400=0.4394
      4.29x  marques_graded_k4                    t200=0.0817  t400=0.3503
SCORE: 92.57

Failing (0):

[suite=evaluate]  wall: 227.2s

==============================================================================
=== overall wall times (Fortran driver) ===
  evaluate    227.2s
